<?xml version="1.0" encoding="UTF-8"?>
<testsuite xmlns:xsi="http://www.w3.org/2001/XMLSchema-instance" xsi:noNamespaceSchemaLocation="https://maven.apache.org/surefire/maven-surefire-plugin/xsd/surefire-test-report-3.0.xsd" version="3.0" name="jee.service.AccountServiceTests" time="9.099" tests="2" errors="0" skipped="0" failures="0">
  <properties>
[...]
</properties>
  <testcase name="testAccountCreation" classname="jee.service.AccountServiceTests" time="7.856">
    <system-out><![CDATA[Hibernate: create table Account (id bigint not null, email varchar(255), name varchar(255), password varchar(255), status integer not null, primary key (id))
Hibernate: create table AccountGen (sequence_name varchar(255) not null, next_val bigint, primary key (sequence_name))
Hibernate: insert into AccountGen(sequence_name, next_val) values ('Photo',0)
Hibernate: insert into AccountGen(sequence_name, next_val) values ('Profile',0)
Hibernate: insert into AccountGen(sequence_name, next_val) values ('Account',0)
Hibernate: create table Photo (id bigint not null, date timestamp(6), latitude float(53) not null, longitude float(53) not null, name varchar(255), primary key (id))
Hibernate: create table Profile (id bigint not null, name varchar(255), password varchar(255), profileImage bytea, type integer not null, acc_id bigint, primary key (id))
Hibernate: create table Publication (id bigint not null, description varchar(255), latitude float(53) not null, longitude float(53) not null, publishDate timestamp(6), account_id bigint, profile_id bigint, primary key (id))
Hibernate: create table publication_photo (publication_id bigint not null, photo_id bigint not null)
Hibernate: create table SEQ_TABLE (sequence_name varchar(255) not null, next_val bigint, primary key (sequence_name))
Hibernate: insert into SEQ_TABLE(sequence_name, next_val) values ('Publication',0)
Hibernate: alter table if exists Profile add constraint FKjk5y2ty710vcgsqbh9aa4cq2h foreign key (acc_id) references Account
Hibernate: alter table if exists Publication add constraint FKaxd3gmihrdvkir2gjdk71gxps foreign key (account_id) references Account
Hibernate: alter table if exists Publication add constraint FK78nui4i7g22dy2nfsure003t5 foreign key (profile_id) references Profile
Hibernate: alter table if exists publication_photo add constraint FKrya6bmnxvqldqsjooa84fl0r foreign key (photo_id) references Photo
Hibernate: alter table if exists publication_photo add constraint FK4yasq2c3lmw5hpxnvmiullf5v foreign key (publication_id) references Publication
Hibernate: select tbl.next_val from AccountGen tbl where tbl.sequence_name=? for update of tbl
Hibernate: update AccountGen set next_val=?  where next_val=? and sequence_name=?
Hibernate: insert into Account (email, name, password, status, id) values (?, ?, ?, ?, ?)
Hibernate: select a1_0.id,a1_0.email,a1_0.name,a1_0.password,a1_0.status from Account a1_0 where a1_0.id=?
Hibernate: select a1_0.id,a1_0.email,a1_0.name,a1_0.password,a1_0.status from Account a1_0 where a1_0.id=?
Hibernate: select a1_0.id,a1_0.email,a1_0.name,a1_0.password,a1_0.status from Account a1_0
]]></system-out>
    <system-err><![CDATA[févr. 25, 2023 1:34:02 PM org.apache.openejb.util.LogStreamAsync run
INFOS: ********************************************************************************
févr. 25, 2023 1:34:02 PM org.apache.openejb.util.LogStreamAsync run
INFOS: OpenEJB http://tomee.apache.org/
févr. 25, 2023 1:34:02 PM org.apache.openejb.util.LogStreamAsync run
INFOS: Startup: Sat Feb 25 13:34:02 CET 2023
févr. 25, 2023 1:34:02 PM org.apache.openejb.util.LogStreamAsync run
INFOS: Copyright 1999-2021 (C) Apache TomEE Project, All Rights Reserved.
févr. 25, 2023 1:34:02 PM org.apache.openejb.util.LogStreamAsync run
INFOS: Version: 9.0.0
févr. 25, 2023 1:34:02 PM org.apache.openejb.util.LogStreamAsync run
INFOS: Build date: 20230103
févr. 25, 2023 1:34:02 PM org.apache.openejb.util.LogStreamAsync run
INFOS: Build time: 09:35
févr. 25, 2023 1:34:02 PM org.apache.openejb.util.LogStreamAsync run
INFOS: ********************************************************************************
févr. 25, 2023 1:34:02 PM org.apache.openejb.util.LogStreamAsync run
INFOS: openejb.home = /Users/thekingzeineddine/eclipse-workspace/familio
févr. 25, 2023 1:34:02 PM org.apache.openejb.util.LogStreamAsync run
INFOS: openejb.base = /Users/thekingzeineddine/eclipse-workspace/familio
févr. 25, 2023 1:34:02 PM org.apache.openejb.util.LogStreamAsync run
INFOS: Created new singletonService org.apache.openejb.cdi.ThreadSingletonServiceImpl@7a1234bf
févr. 25, 2023 1:34:02 PM org.apache.openejb.util.LogStreamAsync run
INFOS: Succeeded in installing singleton service
févr. 25, 2023 1:34:03 PM org.apache.openejb.util.LogStreamAsync run
INFOS: Using 'jakarta.ejb.embeddable.EJBContainer=true'
févr. 25, 2023 1:34:03 PM org.apache.openejb.util.LogStreamAsync run
INFOS: Cannot find the configuration file [conf/openejb.xml].  Will attempt to create one for the beans deployed.
févr. 25, 2023 1:34:03 PM org.apache.openejb.util.LogStreamAsync run
INFOS: Configuring Service(id=Default Security Service, type=SecurityService, provider-id=Default Security Service)
févr. 25, 2023 1:34:03 PM org.apache.openejb.util.LogStreamAsync run
INFOS: Configuring Service(id=Default Transaction Manager, type=TransactionManager, provider-id=Default Transaction Manager)
févr. 25, 2023 1:34:03 PM org.apache.openejb.util.LogStreamAsync run
INFOS: Configuring Service(id=test, type=Resource, provider-id=Default JDBC Database)
févr. 25, 2023 1:34:03 PM org.apache.openejb.util.LogStreamAsync run
INFOS: Creating TransactionManager(id=Default Transaction Manager)
févr. 25, 2023 1:34:03 PM org.apache.openejb.util.LogStreamAsync run
INFOS: Creating SecurityService(id=Default Security Service)
févr. 25, 2023 1:34:03 PM org.apache.openejb.util.LogStreamAsync run
INFOS: Creating Resource(id=test)
java.lang.instrument.IllegalClassFormatException: Error while instrumenting org/apache/tomee/jasper/TomEETldScanner with JaCoCo 0.8.8.202204050719/5dcf34a.
	at org.jacoco.agent.rt.internal_b6258fc.CoverageTransformer.transform(CoverageTransformer.java:94)
	at java.instrument/java.lang.instrument.ClassFileTransformer.transform(ClassFileTransformer.java:244)
	at java.instrument/sun.instrument.TransformerManager.transform(TransformerManager.java:188)
	at java.instrument/sun.instrument.InstrumentationImpl.transform(InstrumentationImpl.java:541)
	at java.base/java.lang.ClassLoader.defineClass1(Native Method)
	at java.base/java.lang.ClassLoader.defineClass(ClassLoader.java:1013)
	at java.base/java.security.SecureClassLoader.defineClass(SecureClassLoader.java:150)
	at java.base/jdk.internal.loader.BuiltinClassLoader.defineClass(BuiltinClassLoader.java:862)
	at java.base/jdk.internal.loader.BuiltinClassLoader.findClassOnClassPathOrNull(BuiltinClassLoader.java:760)
	at java.base/jdk.internal.loader.BuiltinClassLoader.loadClassOrNull(BuiltinClassLoader.java:681)
	at java.base/jdk.internal.loader.BuiltinClassLoader.loadClass(BuiltinClassLoader.java:639)
	at java.base/jdk.internal.loader.ClassLoaders$AppClassLoader.loadClass(ClassLoaders.java:188)
	at java.base/java.lang.ClassLoader.loadClass(ClassLoader.java:521)
	at java.base/java.lang.Class.forName0(Native Method)
	at java.base/java.lang.Class.forName(Class.java:495)
	at java.base/java.lang.Class.forName(Class.java:474)
	at org.apache.tomee.catalina.Warmup$2.run(Warmup.java:194)
Caused by: java.io.IOException: Error while instrumenting org/apache/tomee/jasper/TomEETldScanner with JaCoCo 0.8.8.202204050719/5dcf34a.
	at org.jacoco.agent.rt.internal_b6258fc.core.instr.Instrumenter.instrumentError(Instrumenter.java:161)
	at org.jacoco.agent.rt.internal_b6258fc.core.instr.Instrumenter.instrument(Instrumenter.java:111)
	at org.jacoco.agent.rt.internal_b6258fc.CoverageTransformer.transform(CoverageTransformer.java:92)
	... 16 more
Caused by: org.jacoco.agent.rt.internal_b6258fc.asm.MethodTooLargeException: Method too large: org/apache/tomee/jasper/TomEETldScanner.populateMyfacesAndJstlData ()V
	at org.jacoco.agent.rt.internal_b6258fc.asm.MethodWriter.computeMethodInfoSize(MethodWriter.java:2087)
	at org.jacoco.agent.rt.internal_b6258fc.asm.ClassWriter.toByteArray(ClassWriter.java:489)
	at org.jacoco.agent.rt.internal_b6258fc.core.instr.Instrumenter.instrument(Instrumenter.java:92)
	at org.jacoco.agent.rt.internal_b6258fc.core.instr.Instrumenter.instrument(Instrumenter.java:109)
	... 17 more
févr. 25, 2023 1:34:04 PM org.apache.openejb.util.LogStreamAsync run
INFOS: Inspecting classpath for applications: 24 urls. Consider adjusting your exclude/include.  Current settings: openejb.deployments.classpath.exclude='', openejb.deployments.classpath.include='.*'
févr. 25, 2023 1:34:05 PM org.apache.openejb.util.LogStreamAsync run
INFOS: Found EjbModule in classpath: /Users/thekingzeineddine/eclipse-workspace/familio/target/classes
févr. 25, 2023 1:34:05 PM org.apache.openejb.util.LogStreamAsync run
INFOS: Searched 24 classpath urls in 1127 milliseconds.  Average 46 milliseconds per url.
févr. 25, 2023 1:34:05 PM org.apache.openejb.util.LogStreamAsync run
INFOS: Beginning load: /Users/thekingzeineddine/eclipse-workspace/familio/target/classes
févr. 25, 2023 1:34:05 PM org.apache.openejb.util.LogStreamAsync run
INFOS: Configuring enterprise application: /Users/thekingzeineddine/eclipse-workspace/familio
févr. 25, 2023 1:34:05 PM org.apache.openejb.util.LogStreamAsync run
INFOS: Auto-deploying ejb AccountService: EjbDeployment(deployment-id=AccountService)
févr. 25, 2023 1:34:05 PM org.apache.openejb.util.LogStreamAsync run
INFOS: Auto-deploying ejb PublicationService: EjbDeployment(deployment-id=PublicationService)
févr. 25, 2023 1:34:05 PM org.apache.openejb.util.LogStreamAsync run
INFOS: Auto-deploying ejb InfoController: EjbDeployment(deployment-id=InfoController)
févr. 25, 2023 1:34:05 PM org.apache.openejb.util.LogStreamAsync run
INFOS: Auto-deploying ejb PublicationController: EjbDeployment(deployment-id=PublicationController)
févr. 25, 2023 1:34:05 PM org.apache.openejb.util.LogStreamAsync run
INFOS: Auto-deploying ejb PhotoController: EjbDeployment(deployment-id=PhotoController)
févr. 25, 2023 1:34:05 PM org.apache.openejb.util.LogStreamAsync run
INFOS: Auto-deploying ejb ProfileService: EjbDeployment(deployment-id=ProfileService)
févr. 25, 2023 1:34:05 PM org.apache.openejb.util.LogStreamAsync run
INFOS: Auto-deploying ejb AccountController: EjbDeployment(deployment-id=AccountController)
févr. 25, 2023 1:34:05 PM org.apache.openejb.util.LogStreamAsync run
INFOS: Auto-deploying ejb ProfileController: EjbDeployment(deployment-id=ProfileController)
févr. 25, 2023 1:34:05 PM org.apache.openejb.util.LogStreamAsync run
INFOS: Configuring Service(id=projet, type=Resource, provider-id=Default JDBC Database)
févr. 25, 2023 1:34:05 PM org.apache.openejb.util.LogStreamAsync run
INFOS: Creating Resource(id=projet)
févr. 25, 2023 1:34:05 PM org.apache.openejb.util.LogStreamAsync run
INFOS: Configuring Service(id=Default Stateless Container, type=Container, provider-id=Default Stateless Container)
févr. 25, 2023 1:34:05 PM org.apache.openejb.util.LogStreamAsync run
INFOS: Auto-creating a container for bean AccountService: Container(type=STATELESS, id=Default Stateless Container)
févr. 25, 2023 1:34:05 PM org.apache.openejb.util.LogStreamAsync run
INFOS: Creating Container(id=Default Stateless Container)
févr. 25, 2023 1:34:05 PM org.apache.openejb.util.LogStreamAsync run
INFOS: Auto-linking resource-ref 'openejb/Resource/projet' in bean AccountService to Resource(id=projet)
févr. 25, 2023 1:34:05 PM org.apache.openejb.util.LogStreamAsync run
INFOS: Auto-linking resource-ref 'openejb/Resource/projet' in bean PublicationService to Resource(id=projet)
févr. 25, 2023 1:34:05 PM org.apache.openejb.util.LogStreamAsync run
INFOS: Auto-linking resource-ref 'openejb/Resource/projet' in bean InfoController to Resource(id=projet)
févr. 25, 2023 1:34:05 PM org.apache.openejb.util.LogStreamAsync run
INFOS: Auto-linking resource-ref 'openejb/Resource/projet' in bean PublicationController to Resource(id=projet)
févr. 25, 2023 1:34:05 PM org.apache.openejb.util.LogStreamAsync run
INFOS: Auto-linking resource-ref 'openejb/Resource/projet' in bean PhotoController to Resource(id=projet)
févr. 25, 2023 1:34:05 PM org.apache.openejb.util.LogStreamAsync run
INFOS: Auto-linking resource-ref 'openejb/Resource/projet' in bean ProfileService to Resource(id=projet)
févr. 25, 2023 1:34:05 PM org.apache.openejb.util.LogStreamAsync run
INFOS: Auto-linking resource-ref 'openejb/Resource/projet' in bean AccountController to Resource(id=projet)
févr. 25, 2023 1:34:05 PM org.apache.openejb.util.LogStreamAsync run
INFOS: Auto-linking resource-ref 'openejb/Resource/projet' in bean ProfileController to Resource(id=projet)
févr. 25, 2023 1:34:05 PM org.apache.openejb.util.LogStreamAsync run
INFOS: Configuring Service(id=Default Managed Container, type=Container, provider-id=Default Managed Container)
févr. 25, 2023 1:34:05 PM org.apache.openejb.util.LogStreamAsync run
INFOS: Auto-creating a container for bean familio.Comp1686518257: Container(type=MANAGED, id=Default Managed Container)
févr. 25, 2023 1:34:05 PM org.apache.openejb.util.LogStreamAsync run
INFOS: Creating Container(id=Default Managed Container)
févr. 25, 2023 1:34:05 PM org.apache.openejb.util.LogStreamAsync run
INFOS: Using directory /var/folders/5b/2_s9glvn5dsgl065zyxbwk4m0000gn/T for stateful session passivation
févr. 25, 2023 1:34:05 PM org.apache.openejb.util.LogStreamAsync run
INFOS: Auto-linking resource-ref 'openejb/Resource/projet' in bean familio.Comp1686518257 to Resource(id=projet)
févr. 25, 2023 1:34:05 PM org.apache.openejb.util.LogStreamAsync run
INFOS: Auto-linking resource-ref 'openejb/Resource/projet' in bean jee.service.AccountServiceTests to Resource(id=projet)
févr. 25, 2023 1:34:05 PM org.apache.openejb.util.LogStreamAsync run
INFOS: Auto-linking resource-ref 'openejb/Resource/projet' in bean EjbModule1075540518.Comp554604318 to Resource(id=projet)
févr. 25, 2023 1:34:05 PM org.apache.openejb.util.LogStreamAsync run
INFOS: Configuring PersistenceUnit(name=projet, provider=org.hibernate.jpa.HibernatePersistenceProvider)
févr. 25, 2023 1:34:05 PM org.apache.openejb.util.LogStreamAsync run
INFOS: Auto-creating a Resource with id 'projetNonJta' of type 'DataSource' for 'projet'.
févr. 25, 2023 1:34:05 PM org.apache.openejb.util.LogStreamAsync run
INFOS: Configuring Service(id=projetNonJta, type=Resource, provider-id=projet)
févr. 25, 2023 1:34:05 PM org.apache.openejb.util.LogStreamAsync run
INFOS: Creating Resource(id=projetNonJta)
févr. 25, 2023 1:34:05 PM org.apache.openejb.util.LogStreamAsync run
INFOS: Adjusting PersistenceUnit projet <jta-data-source> to Resource ID 'projet' from 'jdbc/projet'
févr. 25, 2023 1:34:05 PM org.apache.openejb.util.LogStreamAsync run
INFOS: Adjusting PersistenceUnit projet <non-jta-data-source> to Resource ID 'projetNonJta' from 'null'
févr. 25, 2023 1:34:05 PM org.apache.openejb.util.LogStreamAsync run
INFOS: Enterprise application "/Users/thekingzeineddine/eclipse-workspace/familio" loaded.
févr. 25, 2023 1:34:05 PM org.apache.openejb.util.LogStreamAsync run
INFOS: Assembling app: /Users/thekingzeineddine/eclipse-workspace/familio
févr. 25, 2023 1:34:06 PM org.apache.openejb.util.LogStreamAsync run
INFOS: Jndi(name="java:global/familio/AccountService!jee.service.AccountService")
févr. 25, 2023 1:34:06 PM org.apache.openejb.util.LogStreamAsync run
INFOS: Jndi(name="java:global/familio/AccountService")
févr. 25, 2023 1:34:06 PM org.apache.openejb.util.LogStreamAsync run
INFOS: Jndi(name="java:global/familio/PublicationService!jee.service.PublicationService")
févr. 25, 2023 1:34:06 PM org.apache.openejb.util.LogStreamAsync run
INFOS: Jndi(name="java:global/familio/PublicationService")
févr. 25, 2023 1:34:06 PM org.apache.openejb.util.LogStreamAsync run
INFOS: Jndi(name="java:global/familio/InfoController!jee.controller.InfoController")
févr. 25, 2023 1:34:06 PM org.apache.openejb.util.LogStreamAsync run
INFOS: Jndi(name="java:global/familio/InfoController")
févr. 25, 2023 1:34:06 PM org.apache.openejb.util.LogStreamAsync run
INFOS: Jndi(name="java:global/familio/PublicationController!jee.controller.PublicationController")
févr. 25, 2023 1:34:06 PM org.apache.openejb.util.LogStreamAsync run
INFOS: Jndi(name="java:global/familio/PublicationController")
févr. 25, 2023 1:34:06 PM org.apache.openejb.util.LogStreamAsync run
INFOS: Jndi(name="java:global/familio/PhotoController!jee.controller.PhotoController")
févr. 25, 2023 1:34:06 PM org.apache.openejb.util.LogStreamAsync run
INFOS: Jndi(name="java:global/familio/PhotoController")
févr. 25, 2023 1:34:06 PM org.apache.openejb.util.LogStreamAsync run
INFOS: Jndi(name="java:global/familio/ProfileService!jee.service.ProfileService")
févr. 25, 2023 1:34:06 PM org.apache.openejb.util.LogStreamAsync run
INFOS: Jndi(name="java:global/familio/ProfileService")
févr. 25, 2023 1:34:06 PM org.apache.openejb.util.LogStreamAsync run
INFOS: Jndi(name="java:global/familio/AccountController!jee.controller.AccountController")
févr. 25, 2023 1:34:06 PM org.apache.openejb.util.LogStreamAsync run
INFOS: Jndi(name="java:global/familio/AccountController")
févr. 25, 2023 1:34:06 PM org.apache.openejb.util.LogStreamAsync run
INFOS: Jndi(name="java:global/familio/ProfileController!jee.controller.ProfileController")
févr. 25, 2023 1:34:06 PM org.apache.openejb.util.LogStreamAsync run
INFOS: Jndi(name="java:global/familio/ProfileController")
févr. 25, 2023 1:34:06 PM org.apache.openejb.util.LogStreamAsync run
INFOS: Existing thread singleton service in SystemInstance(): org.apache.openejb.cdi.ThreadSingletonServiceImpl@7a1234bf
févr. 25, 2023 1:34:06 PM org.apache.openejb.util.LogStreamAsync run
INFOS: Some Principal APIs could not be loaded: org.eclipse.microprofile.jwt.JsonWebToken out of org.eclipse.microprofile.jwt.JsonWebToken not found
févr. 25, 2023 1:34:06 PM org.apache.openejb.util.LogStreamAsync run
INFOS: OpenWebBeans Container is starting...
févr. 25, 2023 1:34:06 PM org.apache.webbeans.plugins.PluginLoader startUp
INFOS: Adding OpenWebBeansPlugin : [CdiPlugin]
févr. 25, 2023 1:34:06 PM org.apache.webbeans.config.BeansDeployer validateInjectionPoints
INFOS: All injection points were validated successfully.
févr. 25, 2023 1:34:06 PM org.apache.openejb.util.LogStreamAsync run
INFOS: OpenWebBeans Container has started, it took 356 ms.
févr. 25, 2023 1:34:06 PM org.apache.openejb.util.LogStreamAsync run
INFOS: Ignoring XML Configuration for validator org.apache.bval.jsr.ConfigurationImpl
févr. 25, 2023 1:34:06 PM org.apache.openejb.util.LogStreamAsync run
INFOS: Created Ejb(deployment-id=ProfileController, ejb-name=ProfileController, container=Default Stateless Container)
févr. 25, 2023 1:34:06 PM org.apache.openejb.util.LogStreamAsync run
INFOS: Created Ejb(deployment-id=PublicationController, ejb-name=PublicationController, container=Default Stateless Container)
févr. 25, 2023 1:34:06 PM org.apache.openejb.util.LogStreamAsync run
INFOS: Created Ejb(deployment-id=ProfileService, ejb-name=ProfileService, container=Default Stateless Container)
févr. 25, 2023 1:34:06 PM org.apache.openejb.util.LogStreamAsync run
INFOS: Created Ejb(deployment-id=PublicationService, ejb-name=PublicationService, container=Default Stateless Container)
févr. 25, 2023 1:34:06 PM org.apache.openejb.util.LogStreamAsync run
INFOS: Created Ejb(deployment-id=InfoController, ejb-name=InfoController, container=Default Stateless Container)
févr. 25, 2023 1:34:06 PM org.apache.openejb.util.LogStreamAsync run
INFOS: Created Ejb(deployment-id=AccountService, ejb-name=AccountService, container=Default Stateless Container)
févr. 25, 2023 1:34:06 PM org.apache.openejb.util.LogStreamAsync run
INFOS: Created Ejb(deployment-id=PhotoController, ejb-name=PhotoController, container=Default Stateless Container)
févr. 25, 2023 1:34:06 PM org.apache.openejb.util.LogStreamAsync run
INFOS: Created Ejb(deployment-id=AccountController, ejb-name=AccountController, container=Default Stateless Container)
févr. 25, 2023 1:34:06 PM org.apache.openejb.util.LogStreamAsync run
INFOS: Started Ejb(deployment-id=ProfileController, ejb-name=ProfileController, container=Default Stateless Container)
févr. 25, 2023 1:34:06 PM org.apache.openejb.util.LogStreamAsync run
INFOS: Started Ejb(deployment-id=PublicationController, ejb-name=PublicationController, container=Default Stateless Container)
févr. 25, 2023 1:34:06 PM org.apache.openejb.util.LogStreamAsync run
INFOS: Started Ejb(deployment-id=ProfileService, ejb-name=ProfileService, container=Default Stateless Container)
févr. 25, 2023 1:34:06 PM org.apache.openejb.util.LogStreamAsync run
INFOS: Started Ejb(deployment-id=PublicationService, ejb-name=PublicationService, container=Default Stateless Container)
févr. 25, 2023 1:34:06 PM org.apache.openejb.util.LogStreamAsync run
INFOS: Started Ejb(deployment-id=InfoController, ejb-name=InfoController, container=Default Stateless Container)
févr. 25, 2023 1:34:06 PM org.apache.openejb.util.LogStreamAsync run
INFOS: Started Ejb(deployment-id=AccountService, ejb-name=AccountService, container=Default Stateless Container)
févr. 25, 2023 1:34:06 PM org.apache.openejb.util.LogStreamAsync run
INFOS: Started Ejb(deployment-id=PhotoController, ejb-name=PhotoController, container=Default Stateless Container)
févr. 25, 2023 1:34:06 PM org.apache.openejb.util.LogStreamAsync run
INFOS: Started Ejb(deployment-id=AccountController, ejb-name=AccountController, container=Default Stateless Container)
févr. 25, 2023 1:34:06 PM org.apache.openejb.util.LogStreamAsync run
INFOS: Deployed Application(path=/Users/thekingzeineddine/eclipse-workspace/familio)
févr. 25, 2023 1:34:06 PM org.hibernate.jpa.internal.util.LogHelper logPersistenceUnitInformation
INFO: HHH000204: Processing PersistenceUnitInfo [name: projet]
févr. 25, 2023 1:34:06 PM org.hibernate.Version logVersion
INFO: HHH000412: Hibernate ORM core version 6.1.6.Final
févr. 25, 2023 1:34:07 PM org.hibernate.boot.internal.MetadataBuilderImpl$MetadataBuildingOptionsImpl lambda$new$1
WARN: HHH90000021: Encountered deprecated setting [javax.persistence.sharedCache.mode], use [jakarta.persistence.sharedCache.mode] instead
févr. 25, 2023 1:34:08 PM org.hibernate.engine.jdbc.dialect.internal.DialectFactoryImpl logSelectedDialect
INFO: HHH000400: Using dialect: org.hibernate.dialect.PostgreSQL95Dialect
févr. 25, 2023 1:34:08 PM org.hibernate.engine.jdbc.dialect.internal.DialectFactoryImpl logSelectedDialect
WARN: HHH90000026: PostgreSQL95Dialect has been deprecated; use org.hibernate.dialect.PostgreSQLDialect instead
févr. 25, 2023 1:34:08 PM org.hibernate.id.enhanced.TableGenerator determineDefaultSegmentValue
INFO: HHH000398: Explicit segment value for id generator [AccountGen.sequence_name] suggested; using default [Photo]
févr. 25, 2023 1:34:08 PM org.hibernate.id.enhanced.TableGenerator determineDefaultSegmentValue
INFO: HHH000398: Explicit segment value for id generator [AccountGen.sequence_name] suggested; using default [Profile]
févr. 25, 2023 1:34:08 PM org.hibernate.id.enhanced.TableGenerator determineDefaultSegmentValue
INFO: HHH000398: Explicit segment value for id generator [AccountGen.sequence_name] suggested; using default [Account]
févr. 25, 2023 1:34:08 PM org.hibernate.id.enhanced.TableGenerator determineDefaultSegmentValue
INFO: HHH000398: Explicit segment value for id generator [SEQ_TABLE.sequence_name] suggested; using default [Publication]
févr. 25, 2023 1:34:08 PM org.hibernate.engine.transaction.jta.platform.internal.JtaPlatformInitiator initiateService
INFO: HHH000490: Using JtaPlatform implementation: [org.apache.openejb.hibernate.OpenEJBJtaPlatform2]
févr. 25, 2023 1:34:09 PM org.apache.openejb.util.LogStreamAsync run
INFOS: PersistenceUnit(name=projet, provider=org.hibernate.jpa.HibernatePersistenceProvider) - provider time 3159ms
févr. 25, 2023 1:34:10 PM org.apache.openejb.util.LogStreamAsync run
INFOS: Undeploying app: /Users/thekingzeineddine/eclipse-workspace/familio
févr. 25, 2023 1:34:10 PM org.hibernate.resource.beans.container.spi.AbstractCdiBeanContainer stop
INFO: HHH10005004: Stopping BeanContainer : org.hibernate.resource.beans.container.internal.CdiBeanContainerImmediateAccessImpl@658e67e1
févr. 25, 2023 1:34:10 PM org.apache.openejb.util.LogStreamAsync run
INFOS: Closing DataSource: projet
févr. 25, 2023 1:34:10 PM org.apache.openejb.util.LogStreamAsync run
INFOS: Destroying OpenEJB container
févr. 25, 2023 1:34:10 PM org.apache.openejb.util.LogStreamAsync run
INFOS: Closing DataSource: projetNonJta
févr. 25, 2023 1:34:10 PM org.apache.openejb.util.LogStreamAsync run
INFOS: Closing DataSource: test
]]></system-err>
  </testcase>
  <testcase name="testDeleteAccount" classname="jee.service.AccountServiceTests" time="1.206">
    <system-out><![CDATA[Hibernate: select tbl.next_val from AccountGen tbl where tbl.sequence_name=? for update of tbl
Hibernate: update AccountGen set next_val=?  where next_val=? and sequence_name=?
Hibernate: insert into Account (email, name, password, status, id) values (?, ?, ?, ?, ?)
Hibernate: select a1_0.id,a1_0.email,a1_0.name,a1_0.password,a1_0.status from Account a1_0 where a1_0.id=?
Hibernate: select p1_0.acc_id,p1_0.id,p1_0.name,p1_0.password,p1_0.profileImage,p1_0.type from Profile p1_0 where p1_0.acc_id=?
Hibernate: select p1_0.account_id,p1_0.id,p1_0.description,p1_0.latitude,p1_0.longitude,p2_0.id,a1_0.id,a1_0.email,a1_0.name,a1_0.password,a1_0.status,p2_0.name,p2_0.password,p2_0.profileImage,p2_0.type,p1_0.publishDate from Publication p1_0 left join Profile p2_0 on p2_0.id=p1_0.profile_id left join Account a1_0 on a1_0.id=p2_0.acc_id where p1_0.account_id=?
Hibernate: delete from Account where id=?
Hibernate: select a1_0.id,a1_0.email,a1_0.name,a1_0.password,a1_0.status from Account a1_0 where a1_0.id=?
]]></system-out>
    <system-err><![CDATA[févr. 25, 2023 1:34:10 PM org.apache.openejb.util.LogStreamAsync run
INFOS: ********************************************************************************
févr. 25, 2023 1:34:10 PM org.apache.openejb.util.LogStreamAsync run
INFOS: OpenEJB http://tomee.apache.org/
févr. 25, 2023 1:34:10 PM org.apache.openejb.util.LogStreamAsync run
INFOS: Startup: Sat Feb 25 13:34:10 CET 2023
févr. 25, 2023 1:34:10 PM org.apache.openejb.util.LogStreamAsync run
INFOS: Copyright 1999-2021 (C) Apache TomEE Project, All Rights Reserved.
févr. 25, 2023 1:34:10 PM org.apache.openejb.util.LogStreamAsync run
INFOS: Version: 9.0.0
févr. 25, 2023 1:34:10 PM org.apache.openejb.util.LogStreamAsync run
INFOS: Build date: 20230103
févr. 25, 2023 1:34:10 PM org.apache.openejb.util.LogStreamAsync run
INFOS: Build time: 09:35
févr. 25, 2023 1:34:10 PM org.apache.openejb.util.LogStreamAsync run
INFOS: ********************************************************************************
févr. 25, 2023 1:34:10 PM org.apache.openejb.util.LogStreamAsync run
INFOS: openejb.home = /Users/thekingzeineddine/eclipse-workspace/familio
févr. 25, 2023 1:34:10 PM org.apache.openejb.util.LogStreamAsync run
INFOS: openejb.base = /Users/thekingzeineddine/eclipse-workspace/familio
févr. 25, 2023 1:34:10 PM org.apache.openejb.util.LogStreamAsync run
INFOS: Created new singletonService org.apache.openejb.cdi.ThreadSingletonServiceImpl@7a1234bf
févr. 25, 2023 1:34:10 PM org.apache.openejb.util.LogStreamAsync run
INFOS: Succeeded in installing singleton service
févr. 25, 2023 1:34:10 PM org.apache.openejb.util.LogStreamAsync run
INFOS: Using 'jakarta.ejb.embeddable.EJBContainer=true'
févr. 25, 2023 1:34:10 PM org.apache.openejb.util.LogStreamAsync run
INFOS: Cannot find the configuration file [conf/openejb.xml].  Will attempt to create one for the beans deployed.
févr. 25, 2023 1:34:10 PM org.apache.openejb.util.LogStreamAsync run
INFOS: Configuring Service(id=Default Security Service, type=SecurityService, provider-id=Default Security Service)
févr. 25, 2023 1:34:10 PM org.apache.openejb.util.LogStreamAsync run
INFOS: Configuring Service(id=Default Transaction Manager, type=TransactionManager, provider-id=Default Transaction Manager)
févr. 25, 2023 1:34:10 PM org.apache.openejb.util.LogStreamAsync run
INFOS: Configuring Service(id=test, type=Resource, provider-id=Default JDBC Database)
févr. 25, 2023 1:34:10 PM org.apache.openejb.util.LogStreamAsync run
INFOS: Creating TransactionManager(id=Default Transaction Manager)
févr. 25, 2023 1:34:10 PM org.apache.openejb.util.LogStreamAsync run
INFOS: Creating SecurityService(id=Default Security Service)
févr. 25, 2023 1:34:10 PM org.apache.openejb.util.LogStreamAsync run
INFOS: Using 'java.security.auth.login.config=jar:file:/Users/thekingzeineddine/.m2/repository/org/apache/tomee/openejb-core/9.0.0/openejb-core-9.0.0.jar!/login.config'
févr. 25, 2023 1:34:10 PM org.apache.openejb.util.LogStreamAsync run
INFOS: Creating Resource(id=test)
févr. 25, 2023 1:34:10 PM org.apache.openejb.util.LogStreamAsync run
INFOS: Inspecting classpath for applications: 24 urls. Consider adjusting your exclude/include.  Current settings: openejb.deployments.classpath.exclude='', openejb.deployments.classpath.include='.*'
févr. 25, 2023 1:34:11 PM org.apache.openejb.util.LogStreamAsync run
INFOS: Found EjbModule in classpath: /Users/thekingzeineddine/eclipse-workspace/familio/target/classes
févr. 25, 2023 1:34:11 PM org.apache.openejb.util.LogStreamAsync run
INFOS: Beginning load: /Users/thekingzeineddine/eclipse-workspace/familio/target/classes
févr. 25, 2023 1:34:11 PM org.apache.openejb.util.LogStreamAsync run
INFOS: Configuring enterprise application: /Users/thekingzeineddine/eclipse-workspace/familio
févr. 25, 2023 1:34:11 PM org.apache.openejb.util.LogStreamAsync run
INFOS: Auto-deploying ejb PublicationService: EjbDeployment(deployment-id=PublicationService)
févr. 25, 2023 1:34:11 PM org.apache.openejb.util.LogStreamAsync run
INFOS: Auto-deploying ejb AccountController: EjbDeployment(deployment-id=AccountController)
févr. 25, 2023 1:34:11 PM org.apache.openejb.util.LogStreamAsync run
INFOS: Auto-deploying ejb PublicationController: EjbDeployment(deployment-id=PublicationController)
févr. 25, 2023 1:34:11 PM org.apache.openejb.util.LogStreamAsync run
INFOS: Auto-deploying ejb ProfileService: EjbDeployment(deployment-id=ProfileService)
févr. 25, 2023 1:34:11 PM org.apache.openejb.util.LogStreamAsync run
INFOS: Auto-deploying ejb AccountService: EjbDeployment(deployment-id=AccountService)
févr. 25, 2023 1:34:11 PM org.apache.openejb.util.LogStreamAsync run
INFOS: Auto-deploying ejb ProfileController: EjbDeployment(deployment-id=ProfileController)
févr. 25, 2023 1:34:11 PM org.apache.openejb.util.LogStreamAsync run
INFOS: Auto-deploying ejb InfoController: EjbDeployment(deployment-id=InfoController)
févr. 25, 2023 1:34:11 PM org.apache.openejb.util.LogStreamAsync run
INFOS: Auto-deploying ejb PhotoController: EjbDeployment(deployment-id=PhotoController)
févr. 25, 2023 1:34:11 PM org.apache.openejb.util.LogStreamAsync run
INFOS: Configuring Service(id=projet, type=Resource, provider-id=Default JDBC Database)
févr. 25, 2023 1:34:11 PM org.apache.openejb.util.LogStreamAsync run
INFOS: Creating Resource(id=projet)
févr. 25, 2023 1:34:11 PM org.apache.openejb.util.LogStreamAsync run
INFOS: Configuring Service(id=Default Stateless Container, type=Container, provider-id=Default Stateless Container)
févr. 25, 2023 1:34:11 PM org.apache.openejb.util.LogStreamAsync run
INFOS: Auto-creating a container for bean PublicationService: Container(type=STATELESS, id=Default Stateless Container)
févr. 25, 2023 1:34:11 PM org.apache.openejb.util.LogStreamAsync run
INFOS: Creating Container(id=Default Stateless Container)
févr. 25, 2023 1:34:11 PM org.apache.openejb.util.LogStreamAsync run
INFOS: Auto-linking resource-ref 'openejb/Resource/projet' in bean PublicationService to Resource(id=projet)
févr. 25, 2023 1:34:11 PM org.apache.openejb.util.LogStreamAsync run
INFOS: Auto-linking resource-ref 'openejb/Resource/projet' in bean AccountController to Resource(id=projet)
févr. 25, 2023 1:34:11 PM org.apache.openejb.util.LogStreamAsync run
INFOS: Auto-linking resource-ref 'openejb/Resource/projet' in bean PublicationController to Resource(id=projet)
févr. 25, 2023 1:34:11 PM org.apache.openejb.util.LogStreamAsync run
INFOS: Auto-linking resource-ref 'openejb/Resource/projet' in bean ProfileService to Resource(id=projet)
févr. 25, 2023 1:34:11 PM org.apache.openejb.util.LogStreamAsync run
INFOS: Auto-linking resource-ref 'openejb/Resource/projet' in bean AccountService to Resource(id=projet)
févr. 25, 2023 1:34:11 PM org.apache.openejb.util.LogStreamAsync run
INFOS: Auto-linking resource-ref 'openejb/Resource/projet' in bean ProfileController to Resource(id=projet)
févr. 25, 2023 1:34:11 PM org.apache.openejb.util.LogStreamAsync run
INFOS: Auto-linking resource-ref 'openejb/Resource/projet' in bean InfoController to Resource(id=projet)
févr. 25, 2023 1:34:11 PM org.apache.openejb.util.LogStreamAsync run
INFOS: Auto-linking resource-ref 'openejb/Resource/projet' in bean PhotoController to Resource(id=projet)
févr. 25, 2023 1:34:11 PM org.apache.openejb.util.LogStreamAsync run
INFOS: Configuring Service(id=Default Managed Container, type=Container, provider-id=Default Managed Container)
févr. 25, 2023 1:34:11 PM org.apache.openejb.util.LogStreamAsync run
INFOS: Auto-creating a container for bean familio.Comp1593121948: Container(type=MANAGED, id=Default Managed Container)
févr. 25, 2023 1:34:11 PM org.apache.openejb.util.LogStreamAsync run
INFOS: Creating Container(id=Default Managed Container)
févr. 25, 2023 1:34:11 PM org.apache.openejb.util.LogStreamAsync run
INFOS: Using directory /var/folders/5b/2_s9glvn5dsgl065zyxbwk4m0000gn/T for stateful session passivation
févr. 25, 2023 1:34:11 PM org.apache.openejb.util.LogStreamAsync run
INFOS: Auto-linking resource-ref 'openejb/Resource/projet' in bean familio.Comp1593121948 to Resource(id=projet)
févr. 25, 2023 1:34:11 PM org.apache.openejb.util.LogStreamAsync run
INFOS: Auto-linking resource-ref 'openejb/Resource/projet' in bean jee.service.AccountServiceTests to Resource(id=projet)
févr. 25, 2023 1:34:11 PM org.apache.openejb.util.LogStreamAsync run
INFOS: Auto-linking resource-ref 'openejb/Resource/projet' in bean EjbModule1333192290.Comp558821862 to Resource(id=projet)
févr. 25, 2023 1:34:11 PM org.apache.openejb.util.LogStreamAsync run
INFOS: Configuring PersistenceUnit(name=projet, provider=org.hibernate.jpa.HibernatePersistenceProvider)
févr. 25, 2023 1:34:11 PM org.apache.openejb.util.LogStreamAsync run
INFOS: Auto-creating a Resource with id 'projetNonJta' of type 'DataSource' for 'projet'.
févr. 25, 2023 1:34:11 PM org.apache.openejb.util.LogStreamAsync run
INFOS: Configuring Service(id=projetNonJta, type=Resource, provider-id=projet)
févr. 25, 2023 1:34:11 PM org.apache.openejb.util.LogStreamAsync run
INFOS: Creating Resource(id=projetNonJta)
févr. 25, 2023 1:34:11 PM org.apache.openejb.util.LogStreamAsync run
INFOS: Adjusting PersistenceUnit projet <jta-data-source> to Resource ID 'projet' from 'jdbc/projet'
févr. 25, 2023 1:34:11 PM org.apache.openejb.util.LogStreamAsync run
INFOS: Adjusting PersistenceUnit projet <non-jta-data-source> to Resource ID 'projetNonJta' from 'null'
févr. 25, 2023 1:34:11 PM org.apache.openejb.util.LogStreamAsync run
INFOS: Enterprise application "/Users/thekingzeineddine/eclipse-workspace/familio" loaded.
févr. 25, 2023 1:34:11 PM org.apache.openejb.util.LogStreamAsync run
INFOS: Assembling app: /Users/thekingzeineddine/eclipse-workspace/familio
févr. 25, 2023 1:34:11 PM org.apache.openejb.util.LogStreamAsync run
INFOS: Jndi(name="java:global/familio/PublicationService!jee.service.PublicationService")
févr. 25, 2023 1:34:11 PM org.apache.openejb.util.LogStreamAsync run
INFOS: Jndi(name="java:global/familio/PublicationService")
févr. 25, 2023 1:34:11 PM org.apache.openejb.util.LogStreamAsync run
INFOS: Jndi(name="java:global/familio/AccountController!jee.controller.AccountController")
févr. 25, 2023 1:34:11 PM org.apache.openejb.util.LogStreamAsync run
INFOS: Jndi(name="java:global/familio/AccountController")
févr. 25, 2023 1:34:11 PM org.apache.openejb.util.LogStreamAsync run
INFOS: Jndi(name="java:global/familio/PublicationController!jee.controller.PublicationController")
févr. 25, 2023 1:34:11 PM org.apache.openejb.util.LogStreamAsync run
INFOS: Jndi(name="java:global/familio/PublicationController")
févr. 25, 2023 1:34:11 PM org.apache.openejb.util.LogStreamAsync run
INFOS: Jndi(name="java:global/familio/ProfileService!jee.service.ProfileService")
févr. 25, 2023 1:34:11 PM org.apache.openejb.util.LogStreamAsync run
INFOS: Jndi(name="java:global/familio/ProfileService")
févr. 25, 2023 1:34:11 PM org.apache.openejb.util.LogStreamAsync run
INFOS: Jndi(name="java:global/familio/AccountService!jee.service.AccountService")
févr. 25, 2023 1:34:11 PM org.apache.openejb.util.LogStreamAsync run
INFOS: Jndi(name="java:global/familio/AccountService")
févr. 25, 2023 1:34:11 PM org.apache.openejb.util.LogStreamAsync run
INFOS: Jndi(name="java:global/familio/ProfileController!jee.controller.ProfileController")
févr. 25, 2023 1:34:11 PM org.apache.openejb.util.LogStreamAsync run
INFOS: Jndi(name="java:global/familio/ProfileController")
févr. 25, 2023 1:34:11 PM org.apache.openejb.util.LogStreamAsync run
INFOS: Jndi(name="java:global/familio/InfoController!jee.controller.InfoController")
févr. 25, 2023 1:34:11 PM org.apache.openejb.util.LogStreamAsync run
INFOS: Jndi(name="java:global/familio/InfoController")
févr. 25, 2023 1:34:11 PM org.apache.openejb.util.LogStreamAsync run
INFOS: Jndi(name="java:global/familio/PhotoController!jee.controller.PhotoController")
févr. 25, 2023 1:34:11 PM org.apache.openejb.util.LogStreamAsync run
INFOS: Jndi(name="java:global/familio/PhotoController")
févr. 25, 2023 1:34:11 PM org.apache.openejb.util.LogStreamAsync run
INFOS: Existing thread singleton service in SystemInstance(): org.apache.openejb.cdi.ThreadSingletonServiceImpl@7a1234bf
févr. 25, 2023 1:34:11 PM org.apache.openejb.util.LogStreamAsync run
INFOS: Some Principal APIs could not be loaded: org.eclipse.microprofile.jwt.JsonWebToken out of org.eclipse.microprofile.jwt.JsonWebToken not found
févr. 25, 2023 1:34:11 PM org.apache.openejb.util.LogStreamAsync run
INFOS: OpenWebBeans Container is starting...
févr. 25, 2023 1:34:11 PM org.apache.webbeans.plugins.PluginLoader startUp
INFOS: Adding OpenWebBeansPlugin : [CdiPlugin]
févr. 25, 2023 1:34:11 PM org.apache.webbeans.config.BeansDeployer validateInjectionPoints
INFOS: All injection points were validated successfully.
févr. 25, 2023 1:34:11 PM org.apache.openejb.util.LogStreamAsync run
INFOS: OpenWebBeans Container has started, it took 47 ms.
févr. 25, 2023 1:34:11 PM org.apache.openejb.util.LogStreamAsync run
INFOS: Ignoring XML Configuration for validator org.apache.bval.jsr.ConfigurationImpl
févr. 25, 2023 1:34:11 PM org.apache.openejb.util.LogStreamAsync run
INFOS: Created Ejb(deployment-id=ProfileController, ejb-name=ProfileController, container=Default Stateless Container)
févr. 25, 2023 1:34:11 PM org.apache.openejb.util.LogStreamAsync run
INFOS: Created Ejb(deployment-id=PublicationController, ejb-name=PublicationController, container=Default Stateless Container)
févr. 25, 2023 1:34:11 PM org.apache.openejb.util.LogStreamAsync run
INFOS: Created Ejb(deployment-id=ProfileService, ejb-name=ProfileService, container=Default Stateless Container)
févr. 25, 2023 1:34:11 PM org.apache.openejb.util.LogStreamAsync run
INFOS: Created Ejb(deployment-id=PublicationService, ejb-name=PublicationService, container=Default Stateless Container)
févr. 25, 2023 1:34:11 PM org.apache.openejb.util.LogStreamAsync run
INFOS: Created Ejb(deployment-id=InfoController, ejb-name=InfoController, container=Default Stateless Container)
févr. 25, 2023 1:34:11 PM org.apache.openejb.util.LogStreamAsync run
INFOS: Created Ejb(deployment-id=AccountService, ejb-name=AccountService, container=Default Stateless Container)
févr. 25, 2023 1:34:11 PM org.apache.openejb.util.LogStreamAsync run
INFOS: Created Ejb(deployment-id=PhotoController, ejb-name=PhotoController, container=Default Stateless Container)
févr. 25, 2023 1:34:11 PM org.apache.openejb.util.LogStreamAsync run
INFOS: Created Ejb(deployment-id=AccountController, ejb-name=AccountController, container=Default Stateless Container)
févr. 25, 2023 1:34:11 PM org.apache.openejb.util.LogStreamAsync run
INFOS: Started Ejb(deployment-id=ProfileController, ejb-name=ProfileController, container=Default Stateless Container)
févr. 25, 2023 1:34:11 PM org.apache.openejb.util.LogStreamAsync run
INFOS: Started Ejb(deployment-id=PublicationController, ejb-name=PublicationController, container=Default Stateless Container)
févr. 25, 2023 1:34:11 PM org.apache.openejb.util.LogStreamAsync run
INFOS: Started Ejb(deployment-id=ProfileService, ejb-name=ProfileService, container=Default Stateless Container)
févr. 25, 2023 1:34:11 PM org.apache.openejb.util.LogStreamAsync run
INFOS: Started Ejb(deployment-id=PublicationService, ejb-name=PublicationService, container=Default Stateless Container)
févr. 25, 2023 1:34:11 PM org.apache.openejb.util.LogStreamAsync run
INFOS: Started Ejb(deployment-id=InfoController, ejb-name=InfoController, container=Default Stateless Container)
févr. 25, 2023 1:34:11 PM org.apache.openejb.util.LogStreamAsync run
INFOS: Started Ejb(deployment-id=AccountService, ejb-name=AccountService, container=Default Stateless Container)
févr. 25, 2023 1:34:11 PM org.apache.openejb.util.LogStreamAsync run
INFOS: Started Ejb(deployment-id=PhotoController, ejb-name=PhotoController, container=Default Stateless Container)
févr. 25, 2023 1:34:11 PM org.apache.openejb.util.LogStreamAsync run
INFOS: Started Ejb(deployment-id=AccountController, ejb-name=AccountController, container=Default Stateless Container)
févr. 25, 2023 1:34:11 PM org.apache.openejb.util.LogStreamAsync run
INFOS: Deployed Application(path=/Users/thekingzeineddine/eclipse-workspace/familio)
févr. 25, 2023 1:34:11 PM org.hibernate.jpa.internal.util.LogHelper logPersistenceUnitInformation
INFO: HHH000204: Processing PersistenceUnitInfo [name: projet]
févr. 25, 2023 1:34:11 PM org.hibernate.boot.internal.MetadataBuilderImpl$MetadataBuildingOptionsImpl lambda$new$1
WARN: HHH90000021: Encountered deprecated setting [javax.persistence.sharedCache.mode], use [jakarta.persistence.sharedCache.mode] instead
févr. 25, 2023 1:34:11 PM org.hibernate.engine.jdbc.dialect.internal.DialectFactoryImpl logSelectedDialect
INFO: HHH000400: Using dialect: org.hibernate.dialect.PostgreSQL95Dialect
févr. 25, 2023 1:34:11 PM org.hibernate.engine.jdbc.dialect.internal.DialectFactoryImpl logSelectedDialect
WARN: HHH90000026: PostgreSQL95Dialect has been deprecated; use org.hibernate.dialect.PostgreSQLDialect instead
févr. 25, 2023 1:34:11 PM org.hibernate.id.enhanced.TableGenerator determineDefaultSegmentValue
INFO: HHH000398: Explicit segment value for id generator [AccountGen.sequence_name] suggested; using default [Photo]
févr. 25, 2023 1:34:11 PM org.hibernate.id.enhanced.TableGenerator determineDefaultSegmentValue
INFO: HHH000398: Explicit segment value for id generator [AccountGen.sequence_name] suggested; using default [Profile]
févr. 25, 2023 1:34:11 PM org.hibernate.id.enhanced.TableGenerator determineDefaultSegmentValue
INFO: HHH000398: Explicit segment value for id generator [AccountGen.sequence_name] suggested; using default [Account]
févr. 25, 2023 1:34:11 PM org.hibernate.id.enhanced.TableGenerator determineDefaultSegmentValue
INFO: HHH000398: Explicit segment value for id generator [SEQ_TABLE.sequence_name] suggested; using default [Publication]
févr. 25, 2023 1:34:11 PM org.hibernate.engine.transaction.jta.platform.internal.JtaPlatformInitiator initiateService
INFO: HHH000490: Using JtaPlatform implementation: [org.apache.openejb.hibernate.OpenEJBJtaPlatform2]
févr. 25, 2023 1:34:11 PM org.apache.openejb.util.LogStreamAsync run
INFOS: PersistenceUnit(name=projet, provider=org.hibernate.jpa.HibernatePersistenceProvider) - provider time 426ms
févr. 25, 2023 1:34:11 PM org.apache.openejb.util.LogStreamAsync run
INFOS: Undeploying app: /Users/thekingzeineddine/eclipse-workspace/familio
févr. 25, 2023 1:34:11 PM org.hibernate.resource.beans.container.spi.AbstractCdiBeanContainer stop
INFO: HHH10005004: Stopping BeanContainer : org.hibernate.resource.beans.container.internal.CdiBeanContainerImmediateAccessImpl@21a33970
févr. 25, 2023 1:34:11 PM org.apache.openejb.util.LogStreamAsync run
INFOS: Closing DataSource: projet
févr. 25, 2023 1:34:11 PM org.apache.openejb.util.LogStreamAsync run
INFOS: Destroying OpenEJB container
févr. 25, 2023 1:34:11 PM org.apache.openejb.util.LogStreamAsync run
INFOS: Closing DataSource: projetNonJta
févr. 25, 2023 1:34:11 PM org.apache.openejb.util.LogStreamAsync run
INFOS: Closing DataSource: test
]]></system-err>
  </testcase>
</testsuite>